[25-Mar-2025 11:38:58 UTC] PHP Fatal error:  Uncaught TypeError: ltrim(): Argument #1 ($string) must be of type string, array given in /Applications/XAMPP/xamppfiles/htdocs/landingpage/wp-includes/formatting.php:4467
Stack trace:
#0 /Applications/XAMPP/xamppfiles/htdocs/landingpage/wp-includes/formatting.php(4467): ltrim(Array)
#1 /Applications/XAMPP/xamppfiles/htdocs/landingpage/wp-content/themes/dbl-cdh-theme/template-parts/blocks/hero/hero.php(81): esc_url(Array)
#2 /Applications/XAMPP/xamppfiles/htdocs/landingpage/wp-content/plugins/advanced-custom-fields-pro/pro/blocks.php(738): include('/Applications/X...')
#3 /Applications/XAMPP/xamppfiles/htdocs/landingpage/wp-includes/class-wp-hook.php(324): acf_block_render_template(Array, '', true, 30, Object(WP_Block), Array)
#4 /Applications/XAMPP/xamppfiles/htdocs/landingpage/wp-includes/class-wp-hook.php(348): WP_Hook->apply_filters('', Array)
#5 /Applications/XAMPP/xamppfiles/htdocs/landingpage/wp-includes/plugin.php(517): WP_Hook->do_action(Array)
#6 /Applications/XAMPP/xamppfiles/htdocs/landingpage/wp-content/plugins/advanced-custom-fields-pro/pro/blocks.php(712): do_action('acf_block_rende...', Array, '', true, 30, Object(WP_Block), Array)
#7 /Applications/XAMPP/xamppfiles/htdocs/landingpage/wp-content/plugins/advanced-custom-fields-pro/pro/blocks.php(610): acf_render_block(Array, '', true, 30, Object(WP_Block), Array)
#8 /Applications/XAMPP/xamppfiles/htdocs/landingpage/wp-content/plugins/advanced-custom-fields-pro/pro/blocks.php(533): acf_rendered_block(Array, '', true, 30, Object(WP_Block))
#9 /Applications/XAMPP/xamppfiles/htdocs/landingpage/wp-includes/class-wp-block.php(537): acf_render_block_callback(Array, '', Object(WP_Block))
#10 /Applications/XAMPP/xamppfiles/htdocs/landingpage/wp-includes/blocks.php(2191): WP_Block->render()
#11 /Applications/XAMPP/xamppfiles/htdocs/landingpage/wp-includes/blocks.php(2243): render_block(Array)
#12 /Applications/XAMPP/xamppfiles/htdocs/landingpage/wp-includes/class-wp-hook.php(324): do_blocks('<!-- wp:acf/her...')
#13 /Applications/XAMPP/xamppfiles/htdocs/landingpage/wp-includes/plugin.php(205): WP_Hook->apply_filters('<!-- wp:acf/her...', Array)
#14 /Applications/XAMPP/xamppfiles/htdocs/landingpage/wp-includes/rest-api/endpoints/class-wp-rest-revisions-controller.php(632): apply_filters('the_content', '<!-- wp:acf/her...')
#15 /Applications/XAMPP/xamppfiles/htdocs/landingpage/wp-includes/rest-api/endpoints/class-wp-rest-autosaves-controller.php(451): WP_REST_Revisions_Controller->prepare_item_for_response(Object(WP_Post), Object(WP_REST_Request))
#16 /Applications/XAMPP/xamppfiles/htdocs/landingpage/wp-includes/rest-api/endpoints/class-wp-rest-autosaves-controller.php(314): WP_REST_Autosaves_Controller->prepare_item_for_response(Object(WP_Post), Object(WP_REST_Request))
#17 /Applications/XAMPP/xamppfiles/htdocs/landingpage/wp-includes/rest-api/class-wp-rest-server.php(1292): WP_REST_Autosaves_Controller->get_items(Object(WP_REST_Request))
#18 /Applications/XAMPP/xamppfiles/htdocs/landingpage/wp-includes/rest-api/class-wp-rest-server.php(1125): WP_REST_Server->respond_to_request(Object(WP_REST_Request), '/wp/v2/pages/(?...', Array, NULL)
#19 /Applications/XAMPP/xamppfiles/htdocs/landingpage/wp-includes/rest-api.php(576): WP_REST_Server->dispatch(Object(WP_REST_Request))
#20 /Applications/XAMPP/xamppfiles/htdocs/landingpage/wp-includes/rest-api.php(2957): rest_do_request(Object(WP_REST_Request))
#21 [internal function]: rest_preload_api_request(Array, '/wp/v2/pages/26...')
#22 /Applications/XAMPP/xamppfiles/htdocs/landingpage/wp-includes/block-editor.php(753): array_reduce(Array, 'rest_preload_ap...', Array)
#23 /Applications/XAMPP/xamppfiles/htdocs/landingpage/wp-admin/edit-form-blocks.php(77): block_editor_rest_api_preload(Array, Object(WP_Block_Editor_Context))
#24 /Applications/XAMPP/xamppfiles/htdocs/landingpage/wp-admin/post.php(187): require('/Applications/X...')
#25 {main}
  thrown in /Applications/XAMPP/xamppfiles/htdocs/landingpage/wp-includes/formatting.php on line 4467
[25-Mar-2025 11:39:02 UTC] PHP Fatal error:  Uncaught TypeError: ltrim(): Argument #1 ($string) must be of type string, array given in /Applications/XAMPP/xamppfiles/htdocs/landingpage/wp-includes/formatting.php:4467
Stack trace:
#0 /Applications/XAMPP/xamppfiles/htdocs/landingpage/wp-includes/formatting.php(4467): ltrim(Array)
#1 /Applications/XAMPP/xamppfiles/htdocs/landingpage/wp-content/themes/dbl-cdh-theme/template-parts/blocks/hero/hero.php(81): esc_url(Array)
#2 /Applications/XAMPP/xamppfiles/htdocs/landingpage/wp-content/plugins/advanced-custom-fields-pro/pro/blocks.php(738): include('/Applications/X...')
#3 /Applications/XAMPP/xamppfiles/htdocs/landingpage/wp-includes/class-wp-hook.php(324): acf_block_render_template(Array, '', true, 30, Object(WP_Block), Array)
#4 /Applications/XAMPP/xamppfiles/htdocs/landingpage/wp-includes/class-wp-hook.php(348): WP_Hook->apply_filters('', Array)
#5 /Applications/XAMPP/xamppfiles/htdocs/landingpage/wp-includes/plugin.php(517): WP_Hook->do_action(Array)
#6 /Applications/XAMPP/xamppfiles/htdocs/landingpage/wp-content/plugins/advanced-custom-fields-pro/pro/blocks.php(712): do_action('acf_block_rende...', Array, '', true, 30, Object(WP_Block), Array)
#7 /Applications/XAMPP/xamppfiles/htdocs/landingpage/wp-content/plugins/advanced-custom-fields-pro/pro/blocks.php(610): acf_render_block(Array, '', true, 30, Object(WP_Block), Array)
#8 /Applications/XAMPP/xamppfiles/htdocs/landingpage/wp-content/plugins/advanced-custom-fields-pro/pro/blocks.php(533): acf_rendered_block(Array, '', true, 30, Object(WP_Block))
#9 /Applications/XAMPP/xamppfiles/htdocs/landingpage/wp-includes/class-wp-block.php(537): acf_render_block_callback(Array, '', Object(WP_Block))
#10 /Applications/XAMPP/xamppfiles/htdocs/landingpage/wp-includes/blocks.php(2191): WP_Block->render()
#11 /Applications/XAMPP/xamppfiles/htdocs/landingpage/wp-includes/blocks.php(2243): render_block(Array)
#12 /Applications/XAMPP/xamppfiles/htdocs/landingpage/wp-includes/class-wp-hook.php(324): do_blocks('<!-- wp:acf/her...')
#13 /Applications/XAMPP/xamppfiles/htdocs/landingpage/wp-includes/plugin.php(205): WP_Hook->apply_filters('<!-- wp:acf/her...', Array)
#14 /Applications/XAMPP/xamppfiles/htdocs/landingpage/wp-includes/rest-api/endpoints/class-wp-rest-revisions-controller.php(632): apply_filters('the_content', '<!-- wp:acf/her...')
#15 /Applications/XAMPP/xamppfiles/htdocs/landingpage/wp-includes/rest-api/endpoints/class-wp-rest-autosaves-controller.php(451): WP_REST_Revisions_Controller->prepare_item_for_response(Object(WP_Post), Object(WP_REST_Request))
#16 /Applications/XAMPP/xamppfiles/htdocs/landingpage/wp-includes/rest-api/endpoints/class-wp-rest-autosaves-controller.php(314): WP_REST_Autosaves_Controller->prepare_item_for_response(Object(WP_Post), Object(WP_REST_Request))
#17 /Applications/XAMPP/xamppfiles/htdocs/landingpage/wp-includes/rest-api/class-wp-rest-server.php(1292): WP_REST_Autosaves_Controller->get_items(Object(WP_REST_Request))
#18 /Applications/XAMPP/xamppfiles/htdocs/landingpage/wp-includes/rest-api/class-wp-rest-server.php(1125): WP_REST_Server->respond_to_request(Object(WP_REST_Request), '/wp/v2/pages/(?...', Array, NULL)
#19 /Applications/XAMPP/xamppfiles/htdocs/landingpage/wp-includes/rest-api.php(576): WP_REST_Server->dispatch(Object(WP_REST_Request))
#20 /Applications/XAMPP/xamppfiles/htdocs/landingpage/wp-includes/rest-api.php(2957): rest_do_request(Object(WP_REST_Request))
#21 [internal function]: rest_preload_api_request(Array, '/wp/v2/pages/26...')
#22 /Applications/XAMPP/xamppfiles/htdocs/landingpage/wp-includes/block-editor.php(753): array_reduce(Array, 'rest_preload_ap...', Array)
#23 /Applications/XAMPP/xamppfiles/htdocs/landingpage/wp-admin/edit-form-blocks.php(77): block_editor_rest_api_preload(Array, Object(WP_Block_Editor_Context))
#24 /Applications/XAMPP/xamppfiles/htdocs/landingpage/wp-admin/post.php(187): require('/Applications/X...')
#25 {main}
  thrown in /Applications/XAMPP/xamppfiles/htdocs/landingpage/wp-includes/formatting.php on line 4467
[25-Mar-2025 11:40:52 UTC] PHP Fatal error:  Uncaught TypeError: ltrim(): Argument #1 ($string) must be of type string, array given in /Applications/XAMPP/xamppfiles/htdocs/landingpage/wp-includes/formatting.php:4467
Stack trace:
#0 /Applications/XAMPP/xamppfiles/htdocs/landingpage/wp-includes/formatting.php(4467): ltrim(Array)
#1 /Applications/XAMPP/xamppfiles/htdocs/landingpage/wp-content/themes/dbl-cdh-theme/template-parts/blocks/hero/hero.php(83): esc_url(Array)
#2 /Applications/XAMPP/xamppfiles/htdocs/landingpage/wp-content/plugins/advanced-custom-fields-pro/pro/blocks.php(738): include('/Applications/X...')
#3 /Applications/XAMPP/xamppfiles/htdocs/landingpage/wp-includes/class-wp-hook.php(324): acf_block_render_template(Array, '', true, 30, Object(WP_Block), Array)
#4 /Applications/XAMPP/xamppfiles/htdocs/landingpage/wp-includes/class-wp-hook.php(348): WP_Hook->apply_filters('', Array)
#5 /Applications/XAMPP/xamppfiles/htdocs/landingpage/wp-includes/plugin.php(517): WP_Hook->do_action(Array)
#6 /Applications/XAMPP/xamppfiles/htdocs/landingpage/wp-content/plugins/advanced-custom-fields-pro/pro/blocks.php(712): do_action('acf_block_rende...', Array, '', true, 30, Object(WP_Block), Array)
#7 /Applications/XAMPP/xamppfiles/htdocs/landingpage/wp-content/plugins/advanced-custom-fields-pro/pro/blocks.php(610): acf_render_block(Array, '', true, 30, Object(WP_Block), Array)
#8 /Applications/XAMPP/xamppfiles/htdocs/landingpage/wp-content/plugins/advanced-custom-fields-pro/pro/blocks.php(533): acf_rendered_block(Array, '', true, 30, Object(WP_Block))
#9 /Applications/XAMPP/xamppfiles/htdocs/landingpage/wp-includes/class-wp-block.php(537): acf_render_block_callback(Array, '', Object(WP_Block))
#10 /Applications/XAMPP/xamppfiles/htdocs/landingpage/wp-includes/blocks.php(2191): WP_Block->render()
#11 /Applications/XAMPP/xamppfiles/htdocs/landingpage/wp-includes/blocks.php(2243): render_block(Array)
#12 /Applications/XAMPP/xamppfiles/htdocs/landingpage/wp-includes/class-wp-hook.php(324): do_blocks('<!-- wp:acf/her...')
#13 /Applications/XAMPP/xamppfiles/htdocs/landingpage/wp-includes/plugin.php(205): WP_Hook->apply_filters('<!-- wp:acf/her...', Array)
#14 /Applications/XAMPP/xamppfiles/htdocs/landingpage/wp-includes/rest-api/endpoints/class-wp-rest-revisions-controller.php(632): apply_filters('the_content', '<!-- wp:acf/her...')
#15 /Applications/XAMPP/xamppfiles/htdocs/landingpage/wp-includes/rest-api/endpoints/class-wp-rest-autosaves-controller.php(451): WP_REST_Revisions_Controller->prepare_item_for_response(Object(WP_Post), Object(WP_REST_Request))
#16 /Applications/XAMPP/xamppfiles/htdocs/landingpage/wp-includes/rest-api/endpoints/class-wp-rest-autosaves-controller.php(314): WP_REST_Autosaves_Controller->prepare_item_for_response(Object(WP_Post), Object(WP_REST_Request))
#17 /Applications/XAMPP/xamppfiles/htdocs/landingpage/wp-includes/rest-api/class-wp-rest-server.php(1292): WP_REST_Autosaves_Controller->get_items(Object(WP_REST_Request))
#18 /Applications/XAMPP/xamppfiles/htdocs/landingpage/wp-includes/rest-api/class-wp-rest-server.php(1125): WP_REST_Server->respond_to_request(Object(WP_REST_Request), '/wp/v2/pages/(?...', Array, NULL)
#19 /Applications/XAMPP/xamppfiles/htdocs/landingpage/wp-includes/rest-api.php(576): WP_REST_Server->dispatch(Object(WP_REST_Request))
#20 /Applications/XAMPP/xamppfiles/htdocs/landingpage/wp-includes/rest-api.php(2957): rest_do_request(Object(WP_REST_Request))
#21 [internal function]: rest_preload_api_request(Array, '/wp/v2/pages/26...')
#22 /Applications/XAMPP/xamppfiles/htdocs/landingpage/wp-includes/block-editor.php(753): array_reduce(Array, 'rest_preload_ap...', Array)
#23 /Applications/XAMPP/xamppfiles/htdocs/landingpage/wp-admin/edit-form-blocks.php(77): block_editor_rest_api_preload(Array, Object(WP_Block_Editor_Context))
#24 /Applications/XAMPP/xamppfiles/htdocs/landingpage/wp-admin/post.php(187): require('/Applications/X...')
#25 {main}
  thrown in /Applications/XAMPP/xamppfiles/htdocs/landingpage/wp-includes/formatting.php on line 4467
[25-Mar-2025 11:43:11 UTC] PHP Fatal error:  Uncaught TypeError: ltrim(): Argument #1 ($string) must be of type string, array given in /Applications/XAMPP/xamppfiles/htdocs/landingpage/wp-includes/formatting.php:4467
Stack trace:
#0 /Applications/XAMPP/xamppfiles/htdocs/landingpage/wp-includes/formatting.php(4467): ltrim(Array)
#1 /Applications/XAMPP/xamppfiles/htdocs/landingpage/wp-content/themes/dbl-cdh-theme/template-parts/blocks/hero/hero.php(83): esc_url(Array)
#2 /Applications/XAMPP/xamppfiles/htdocs/landingpage/wp-content/plugins/advanced-custom-fields-pro/pro/blocks.php(738): include('/Applications/X...')
#3 /Applications/XAMPP/xamppfiles/htdocs/landingpage/wp-includes/class-wp-hook.php(324): acf_block_render_template(Array, '', true, 30, Object(WP_Block), Array)
#4 /Applications/XAMPP/xamppfiles/htdocs/landingpage/wp-includes/class-wp-hook.php(348): WP_Hook->apply_filters('', Array)
#5 /Applications/XAMPP/xamppfiles/htdocs/landingpage/wp-includes/plugin.php(517): WP_Hook->do_action(Array)
#6 /Applications/XAMPP/xamppfiles/htdocs/landingpage/wp-content/plugins/advanced-custom-fields-pro/pro/blocks.php(712): do_action('acf_block_rende...', Array, '', true, 30, Object(WP_Block), Array)
#7 /Applications/XAMPP/xamppfiles/htdocs/landingpage/wp-content/plugins/advanced-custom-fields-pro/pro/blocks.php(610): acf_render_block(Array, '', true, 30, Object(WP_Block), Array)
#8 /Applications/XAMPP/xamppfiles/htdocs/landingpage/wp-content/plugins/advanced-custom-fields-pro/pro/blocks.php(533): acf_rendered_block(Array, '', true, 30, Object(WP_Block))
#9 /Applications/XAMPP/xamppfiles/htdocs/landingpage/wp-includes/class-wp-block.php(537): acf_render_block_callback(Array, '', Object(WP_Block))
#10 /Applications/XAMPP/xamppfiles/htdocs/landingpage/wp-includes/blocks.php(2191): WP_Block->render()
#11 /Applications/XAMPP/xamppfiles/htdocs/landingpage/wp-includes/blocks.php(2243): render_block(Array)
#12 /Applications/XAMPP/xamppfiles/htdocs/landingpage/wp-includes/class-wp-hook.php(324): do_blocks('<!-- wp:acf/her...')
#13 /Applications/XAMPP/xamppfiles/htdocs/landingpage/wp-includes/plugin.php(205): WP_Hook->apply_filters('<!-- wp:acf/her...', Array)
#14 /Applications/XAMPP/xamppfiles/htdocs/landingpage/wp-includes/rest-api/endpoints/class-wp-rest-revisions-controller.php(632): apply_filters('the_content', '<!-- wp:acf/her...')
#15 /Applications/XAMPP/xamppfiles/htdocs/landingpage/wp-includes/rest-api/endpoints/class-wp-rest-autosaves-controller.php(451): WP_REST_Revisions_Controller->prepare_item_for_response(Object(WP_Post), Object(WP_REST_Request))
#16 /Applications/XAMPP/xamppfiles/htdocs/landingpage/wp-includes/rest-api/endpoints/class-wp-rest-autosaves-controller.php(314): WP_REST_Autosaves_Controller->prepare_item_for_response(Object(WP_Post), Object(WP_REST_Request))
#17 /Applications/XAMPP/xamppfiles/htdocs/landingpage/wp-includes/rest-api/class-wp-rest-server.php(1292): WP_REST_Autosaves_Controller->get_items(Object(WP_REST_Request))
#18 /Applications/XAMPP/xamppfiles/htdocs/landingpage/wp-includes/rest-api/class-wp-rest-server.php(1125): WP_REST_Server->respond_to_request(Object(WP_REST_Request), '/wp/v2/pages/(?...', Array, NULL)
#19 /Applications/XAMPP/xamppfiles/htdocs/landingpage/wp-includes/rest-api.php(576): WP_REST_Server->dispatch(Object(WP_REST_Request))
#20 /Applications/XAMPP/xamppfiles/htdocs/landingpage/wp-includes/rest-api.php(2957): rest_do_request(Object(WP_REST_Request))
#21 [internal function]: rest_preload_api_request(Array, '/wp/v2/pages/26...')
#22 /Applications/XAMPP/xamppfiles/htdocs/landingpage/wp-includes/block-editor.php(753): array_reduce(Array, 'rest_preload_ap...', Array)
#23 /Applications/XAMPP/xamppfiles/htdocs/landingpage/wp-admin/edit-form-blocks.php(77): block_editor_rest_api_preload(Array, Object(WP_Block_Editor_Context))
#24 /Applications/XAMPP/xamppfiles/htdocs/landingpage/wp-admin/post.php(187): require('/Applications/X...')
#25 {main}
  thrown in /Applications/XAMPP/xamppfiles/htdocs/landingpage/wp-includes/formatting.php on line 4467
[25-Mar-2025 11:43:24 UTC] PHP Fatal error:  Uncaught TypeError: ltrim(): Argument #1 ($string) must be of type string, array given in /Applications/XAMPP/xamppfiles/htdocs/landingpage/wp-includes/formatting.php:4467
Stack trace:
#0 /Applications/XAMPP/xamppfiles/htdocs/landingpage/wp-includes/formatting.php(4467): ltrim(Array)
#1 /Applications/XAMPP/xamppfiles/htdocs/landingpage/wp-content/themes/dbl-cdh-theme/template-parts/blocks/hero/hero.php(83): esc_url(Array)
#2 /Applications/XAMPP/xamppfiles/htdocs/landingpage/wp-content/plugins/advanced-custom-fields-pro/pro/blocks.php(738): include('/Applications/X...')
#3 /Applications/XAMPP/xamppfiles/htdocs/landingpage/wp-includes/class-wp-hook.php(324): acf_block_render_template(Array, '', true, 30, Object(WP_Block), Array)
#4 /Applications/XAMPP/xamppfiles/htdocs/landingpage/wp-includes/class-wp-hook.php(348): WP_Hook->apply_filters('', Array)
#5 /Applications/XAMPP/xamppfiles/htdocs/landingpage/wp-includes/plugin.php(517): WP_Hook->do_action(Array)
#6 /Applications/XAMPP/xamppfiles/htdocs/landingpage/wp-content/plugins/advanced-custom-fields-pro/pro/blocks.php(712): do_action('acf_block_rende...', Array, '', true, 30, Object(WP_Block), Array)
#7 /Applications/XAMPP/xamppfiles/htdocs/landingpage/wp-content/plugins/advanced-custom-fields-pro/pro/blocks.php(610): acf_render_block(Array, '', true, 30, Object(WP_Block), Array)
#8 /Applications/XAMPP/xamppfiles/htdocs/landingpage/wp-content/plugins/advanced-custom-fields-pro/pro/blocks.php(533): acf_rendered_block(Array, '', true, 30, Object(WP_Block))
#9 /Applications/XAMPP/xamppfiles/htdocs/landingpage/wp-includes/class-wp-block.php(537): acf_render_block_callback(Array, '', Object(WP_Block))
#10 /Applications/XAMPP/xamppfiles/htdocs/landingpage/wp-includes/blocks.php(2191): WP_Block->render()
#11 /Applications/XAMPP/xamppfiles/htdocs/landingpage/wp-includes/blocks.php(2243): render_block(Array)
#12 /Applications/XAMPP/xamppfiles/htdocs/landingpage/wp-includes/class-wp-hook.php(324): do_blocks('<!-- wp:acf/her...')
#13 /Applications/XAMPP/xamppfiles/htdocs/landingpage/wp-includes/plugin.php(205): WP_Hook->apply_filters('<!-- wp:acf/her...', Array)
#14 /Applications/XAMPP/xamppfiles/htdocs/landingpage/wp-includes/rest-api/endpoints/class-wp-rest-revisions-controller.php(632): apply_filters('the_content', '<!-- wp:acf/her...')
#15 /Applications/XAMPP/xamppfiles/htdocs/landingpage/wp-includes/rest-api/endpoints/class-wp-rest-autosaves-controller.php(451): WP_REST_Revisions_Controller->prepare_item_for_response(Object(WP_Post), Object(WP_REST_Request))
#16 /Applications/XAMPP/xamppfiles/htdocs/landingpage/wp-includes/rest-api/endpoints/class-wp-rest-autosaves-controller.php(314): WP_REST_Autosaves_Controller->prepare_item_for_response(Object(WP_Post), Object(WP_REST_Request))
#17 /Applications/XAMPP/xamppfiles/htdocs/landingpage/wp-includes/rest-api/class-wp-rest-server.php(1292): WP_REST_Autosaves_Controller->get_items(Object(WP_REST_Request))
#18 /Applications/XAMPP/xamppfiles/htdocs/landingpage/wp-includes/rest-api/class-wp-rest-server.php(1125): WP_REST_Server->respond_to_request(Object(WP_REST_Request), '/wp/v2/pages/(?...', Array, NULL)
#19 /Applications/XAMPP/xamppfiles/htdocs/landingpage/wp-includes/rest-api.php(576): WP_REST_Server->dispatch(Object(WP_REST_Request))
#20 /Applications/XAMPP/xamppfiles/htdocs/landingpage/wp-includes/rest-api.php(2957): rest_do_request(Object(WP_REST_Request))
#21 [internal function]: rest_preload_api_request(Array, '/wp/v2/pages/26...')
#22 /Applications/XAMPP/xamppfiles/htdocs/landingpage/wp-includes/block-editor.php(753): array_reduce(Array, 'rest_preload_ap...', Array)
#23 /Applications/XAMPP/xamppfiles/htdocs/landingpage/wp-admin/edit-form-blocks.php(77): block_editor_rest_api_preload(Array, Object(WP_Block_Editor_Context))
#24 /Applications/XAMPP/xamppfiles/htdocs/landingpage/wp-admin/post.php(187): require('/Applications/X...')
#25 {main}
  thrown in /Applications/XAMPP/xamppfiles/htdocs/landingpage/wp-includes/formatting.php on line 4467
[25-Mar-2025 11:43:41 UTC] PHP Fatal error:  Uncaught TypeError: ltrim(): Argument #1 ($string) must be of type string, array given in /Applications/XAMPP/xamppfiles/htdocs/landingpage/wp-includes/formatting.php:4467
Stack trace:
#0 /Applications/XAMPP/xamppfiles/htdocs/landingpage/wp-includes/formatting.php(4467): ltrim(Array)
#1 /Applications/XAMPP/xamppfiles/htdocs/landingpage/wp-content/themes/dbl-cdh-theme/template-parts/blocks/hero/hero.php(83): esc_url(Array)
#2 /Applications/XAMPP/xamppfiles/htdocs/landingpage/wp-content/plugins/advanced-custom-fields-pro/pro/blocks.php(738): include('/Applications/X...')
#3 /Applications/XAMPP/xamppfiles/htdocs/landingpage/wp-includes/class-wp-hook.php(324): acf_block_render_template(Array, '', true, 30, Object(WP_Block), Array)
#4 /Applications/XAMPP/xamppfiles/htdocs/landingpage/wp-includes/class-wp-hook.php(348): WP_Hook->apply_filters('', Array)
#5 /Applications/XAMPP/xamppfiles/htdocs/landingpage/wp-includes/plugin.php(517): WP_Hook->do_action(Array)
#6 /Applications/XAMPP/xamppfiles/htdocs/landingpage/wp-content/plugins/advanced-custom-fields-pro/pro/blocks.php(712): do_action('acf_block_rende...', Array, '', true, 30, Object(WP_Block), Array)
#7 /Applications/XAMPP/xamppfiles/htdocs/landingpage/wp-content/plugins/advanced-custom-fields-pro/pro/blocks.php(610): acf_render_block(Array, '', true, 30, Object(WP_Block), Array)
#8 /Applications/XAMPP/xamppfiles/htdocs/landingpage/wp-content/plugins/advanced-custom-fields-pro/pro/blocks.php(533): acf_rendered_block(Array, '', true, 30, Object(WP_Block))
#9 /Applications/XAMPP/xamppfiles/htdocs/landingpage/wp-includes/class-wp-block.php(537): acf_render_block_callback(Array, '', Object(WP_Block))
#10 /Applications/XAMPP/xamppfiles/htdocs/landingpage/wp-includes/blocks.php(2191): WP_Block->render()
#11 /Applications/XAMPP/xamppfiles/htdocs/landingpage/wp-includes/blocks.php(2243): render_block(Array)
#12 /Applications/XAMPP/xamppfiles/htdocs/landingpage/wp-includes/class-wp-hook.php(324): do_blocks('<!-- wp:acf/her...')
#13 /Applications/XAMPP/xamppfiles/htdocs/landingpage/wp-includes/plugin.php(205): WP_Hook->apply_filters('<!-- wp:acf/her...', Array)
#14 /Applications/XAMPP/xamppfiles/htdocs/landingpage/wp-includes/rest-api/endpoints/class-wp-rest-revisions-controller.php(632): apply_filters('the_content', '<!-- wp:acf/her...')
#15 /Applications/XAMPP/xamppfiles/htdocs/landingpage/wp-includes/rest-api/endpoints/class-wp-rest-autosaves-controller.php(451): WP_REST_Revisions_Controller->prepare_item_for_response(Object(WP_Post), Object(WP_REST_Request))
#16 /Applications/XAMPP/xamppfiles/htdocs/landingpage/wp-includes/rest-api/endpoints/class-wp-rest-autosaves-controller.php(314): WP_REST_Autosaves_Controller->prepare_item_for_response(Object(WP_Post), Object(WP_REST_Request))
#17 /Applications/XAMPP/xamppfiles/htdocs/landingpage/wp-includes/rest-api/class-wp-rest-server.php(1292): WP_REST_Autosaves_Controller->get_items(Object(WP_REST_Request))
#18 /Applications/XAMPP/xamppfiles/htdocs/landingpage/wp-includes/rest-api/class-wp-rest-server.php(1125): WP_REST_Server->respond_to_request(Object(WP_REST_Request), '/wp/v2/pages/(?...', Array, NULL)
#19 /Applications/XAMPP/xamppfiles/htdocs/landingpage/wp-includes/rest-api.php(576): WP_REST_Server->dispatch(Object(WP_REST_Request))
#20 /Applications/XAMPP/xamppfiles/htdocs/landingpage/wp-includes/rest-api.php(2957): rest_do_request(Object(WP_REST_Request))
#21 [internal function]: rest_preload_api_request(Array, '/wp/v2/pages/26...')
#22 /Applications/XAMPP/xamppfiles/htdocs/landingpage/wp-includes/block-editor.php(753): array_reduce(Array, 'rest_preload_ap...', Array)
#23 /Applications/XAMPP/xamppfiles/htdocs/landingpage/wp-admin/edit-form-blocks.php(77): block_editor_rest_api_preload(Array, Object(WP_Block_Editor_Context))
#24 /Applications/XAMPP/xamppfiles/htdocs/landingpage/wp-admin/post.php(187): require('/Applications/X...')
#25 {main}
  thrown in /Applications/XAMPP/xamppfiles/htdocs/landingpage/wp-includes/formatting.php on line 4467
[25-Mar-2025 11:48:47 UTC] PHP Fatal error:  Uncaught TypeError: ltrim(): Argument #1 ($string) must be of type string, array given in /Applications/XAMPP/xamppfiles/htdocs/landingpage/wp-includes/formatting.php:4467
Stack trace:
#0 /Applications/XAMPP/xamppfiles/htdocs/landingpage/wp-includes/formatting.php(4467): ltrim(Array)
#1 /Applications/XAMPP/xamppfiles/htdocs/landingpage/wp-content/themes/dbl-cdh-theme/template-parts/blocks/hero/hero.php(83): esc_url(Array)
#2 /Applications/XAMPP/xamppfiles/htdocs/landingpage/wp-content/plugins/advanced-custom-fields-pro/pro/blocks.php(738): include('/Applications/X...')
#3 /Applications/XAMPP/xamppfiles/htdocs/landingpage/wp-includes/class-wp-hook.php(324): acf_block_render_template(Array, '', true, 30, Object(WP_Block), Array)
#4 /Applications/XAMPP/xamppfiles/htdocs/landingpage/wp-includes/class-wp-hook.php(348): WP_Hook->apply_filters('', Array)
#5 /Applications/XAMPP/xamppfiles/htdocs/landingpage/wp-includes/plugin.php(517): WP_Hook->do_action(Array)
#6 /Applications/XAMPP/xamppfiles/htdocs/landingpage/wp-content/plugins/advanced-custom-fields-pro/pro/blocks.php(712): do_action('acf_block_rende...', Array, '', true, 30, Object(WP_Block), Array)
#7 /Applications/XAMPP/xamppfiles/htdocs/landingpage/wp-content/plugins/advanced-custom-fields-pro/pro/blocks.php(610): acf_render_block(Array, '', true, 30, Object(WP_Block), Array)
#8 /Applications/XAMPP/xamppfiles/htdocs/landingpage/wp-content/plugins/advanced-custom-fields-pro/pro/blocks.php(533): acf_rendered_block(Array, '', true, 30, Object(WP_Block))
#9 /Applications/XAMPP/xamppfiles/htdocs/landingpage/wp-includes/class-wp-block.php(537): acf_render_block_callback(Array, '', Object(WP_Block))
#10 /Applications/XAMPP/xamppfiles/htdocs/landingpage/wp-includes/blocks.php(2191): WP_Block->render()
#11 /Applications/XAMPP/xamppfiles/htdocs/landingpage/wp-includes/blocks.php(2243): render_block(Array)
#12 /Applications/XAMPP/xamppfiles/htdocs/landingpage/wp-includes/class-wp-hook.php(324): do_blocks('<!-- wp:acf/her...')
#13 /Applications/XAMPP/xamppfiles/htdocs/landingpage/wp-includes/plugin.php(205): WP_Hook->apply_filters('<!-- wp:acf/her...', Array)
#14 /Applications/XAMPP/xamppfiles/htdocs/landingpage/wp-includes/rest-api/endpoints/class-wp-rest-revisions-controller.php(632): apply_filters('the_content', '<!-- wp:acf/her...')
#15 /Applications/XAMPP/xamppfiles/htdocs/landingpage/wp-includes/rest-api/endpoints/class-wp-rest-autosaves-controller.php(451): WP_REST_Revisions_Controller->prepare_item_for_response(Object(WP_Post), Object(WP_REST_Request))
#16 /Applications/XAMPP/xamppfiles/htdocs/landingpage/wp-includes/rest-api/endpoints/class-wp-rest-autosaves-controller.php(314): WP_REST_Autosaves_Controller->prepare_item_for_response(Object(WP_Post), Object(WP_REST_Request))
#17 /Applications/XAMPP/xamppfiles/htdocs/landingpage/wp-includes/rest-api/class-wp-rest-server.php(1292): WP_REST_Autosaves_Controller->get_items(Object(WP_REST_Request))
#18 /Applications/XAMPP/xamppfiles/htdocs/landingpage/wp-includes/rest-api/class-wp-rest-server.php(1125): WP_REST_Server->respond_to_request(Object(WP_REST_Request), '/wp/v2/pages/(?...', Array, NULL)
#19 /Applications/XAMPP/xamppfiles/htdocs/landingpage/wp-includes/rest-api.php(576): WP_REST_Server->dispatch(Object(WP_REST_Request))
#20 /Applications/XAMPP/xamppfiles/htdocs/landingpage/wp-includes/rest-api.php(2957): rest_do_request(Object(WP_REST_Request))
#21 [internal function]: rest_preload_api_request(Array, '/wp/v2/pages/26...')
#22 /Applications/XAMPP/xamppfiles/htdocs/landingpage/wp-includes/block-editor.php(753): array_reduce(Array, 'rest_preload_ap...', Array)
#23 /Applications/XAMPP/xamppfiles/htdocs/landingpage/wp-admin/edit-form-blocks.php(77): block_editor_rest_api_preload(Array, Object(WP_Block_Editor_Context))
#24 /Applications/XAMPP/xamppfiles/htdocs/landingpage/wp-admin/post.php(187): require('/Applications/X...')
#25 {main}
  thrown in /Applications/XAMPP/xamppfiles/htdocs/landingpage/wp-includes/formatting.php on line 4467
[25-Mar-2025 11:48:53 UTC] PHP Fatal error:  Uncaught TypeError: ltrim(): Argument #1 ($string) must be of type string, array given in /Applications/XAMPP/xamppfiles/htdocs/landingpage/wp-includes/formatting.php:4467
Stack trace:
#0 /Applications/XAMPP/xamppfiles/htdocs/landingpage/wp-includes/formatting.php(4467): ltrim(Array)
#1 /Applications/XAMPP/xamppfiles/htdocs/landingpage/wp-content/themes/dbl-cdh-theme/template-parts/blocks/hero/hero.php(83): esc_url(Array)
#2 /Applications/XAMPP/xamppfiles/htdocs/landingpage/wp-content/plugins/advanced-custom-fields-pro/pro/blocks.php(738): include('/Applications/X...')
#3 /Applications/XAMPP/xamppfiles/htdocs/landingpage/wp-includes/class-wp-hook.php(324): acf_block_render_template(Array, '', true, 30, Object(WP_Block), Array)
#4 /Applications/XAMPP/xamppfiles/htdocs/landingpage/wp-includes/class-wp-hook.php(348): WP_Hook->apply_filters('', Array)
#5 /Applications/XAMPP/xamppfiles/htdocs/landingpage/wp-includes/plugin.php(517): WP_Hook->do_action(Array)
#6 /Applications/XAMPP/xamppfiles/htdocs/landingpage/wp-content/plugins/advanced-custom-fields-pro/pro/blocks.php(712): do_action('acf_block_rende...', Array, '', true, 30, Object(WP_Block), Array)
#7 /Applications/XAMPP/xamppfiles/htdocs/landingpage/wp-content/plugins/advanced-custom-fields-pro/pro/blocks.php(610): acf_render_block(Array, '', true, 30, Object(WP_Block), Array)
#8 /Applications/XAMPP/xamppfiles/htdocs/landingpage/wp-content/plugins/advanced-custom-fields-pro/pro/blocks.php(533): acf_rendered_block(Array, '', true, 30, Object(WP_Block))
#9 /Applications/XAMPP/xamppfiles/htdocs/landingpage/wp-includes/class-wp-block.php(537): acf_render_block_callback(Array, '', Object(WP_Block))
#10 /Applications/XAMPP/xamppfiles/htdocs/landingpage/wp-includes/blocks.php(2191): WP_Block->render()
#11 /Applications/XAMPP/xamppfiles/htdocs/landingpage/wp-includes/blocks.php(2243): render_block(Array)
#12 /Applications/XAMPP/xamppfiles/htdocs/landingpage/wp-includes/class-wp-hook.php(324): do_blocks('<!-- wp:acf/her...')
#13 /Applications/XAMPP/xamppfiles/htdocs/landingpage/wp-includes/plugin.php(205): WP_Hook->apply_filters('<!-- wp:acf/her...', Array)
#14 /Applications/XAMPP/xamppfiles/htdocs/landingpage/wp-includes/rest-api/endpoints/class-wp-rest-revisions-controller.php(632): apply_filters('the_content', '<!-- wp:acf/her...')
#15 /Applications/XAMPP/xamppfiles/htdocs/landingpage/wp-includes/rest-api/endpoints/class-wp-rest-autosaves-controller.php(451): WP_REST_Revisions_Controller->prepare_item_for_response(Object(WP_Post), Object(WP_REST_Request))
#16 /Applications/XAMPP/xamppfiles/htdocs/landingpage/wp-includes/rest-api/endpoints/class-wp-rest-autosaves-controller.php(314): WP_REST_Autosaves_Controller->prepare_item_for_response(Object(WP_Post), Object(WP_REST_Request))
#17 /Applications/XAMPP/xamppfiles/htdocs/landingpage/wp-includes/rest-api/class-wp-rest-server.php(1292): WP_REST_Autosaves_Controller->get_items(Object(WP_REST_Request))
#18 /Applications/XAMPP/xamppfiles/htdocs/landingpage/wp-includes/rest-api/class-wp-rest-server.php(1125): WP_REST_Server->respond_to_request(Object(WP_REST_Request), '/wp/v2/pages/(?...', Array, NULL)
#19 /Applications/XAMPP/xamppfiles/htdocs/landingpage/wp-includes/rest-api.php(576): WP_REST_Server->dispatch(Object(WP_REST_Request))
#20 /Applications/XAMPP/xamppfiles/htdocs/landingpage/wp-includes/rest-api.php(2957): rest_do_request(Object(WP_REST_Request))
#21 [internal function]: rest_preload_api_request(Array, '/wp/v2/pages/26...')
#22 /Applications/XAMPP/xamppfiles/htdocs/landingpage/wp-includes/block-editor.php(753): array_reduce(Array, 'rest_preload_ap...', Array)
#23 /Applications/XAMPP/xamppfiles/htdocs/landingpage/wp-admin/edit-form-blocks.php(77): block_editor_rest_api_preload(Array, Object(WP_Block_Editor_Context))
#24 /Applications/XAMPP/xamppfiles/htdocs/landingpage/wp-admin/post.php(187): require('/Applications/X...')
#25 {main}
  thrown in /Applications/XAMPP/xamppfiles/htdocs/landingpage/wp-includes/formatting.php on line 4467
[25-Mar-2025 11:48:56 UTC] PHP Fatal error:  Uncaught TypeError: ltrim(): Argument #1 ($string) must be of type string, array given in /Applications/XAMPP/xamppfiles/htdocs/landingpage/wp-includes/formatting.php:4467
Stack trace:
#0 /Applications/XAMPP/xamppfiles/htdocs/landingpage/wp-includes/formatting.php(4467): ltrim(Array)
#1 /Applications/XAMPP/xamppfiles/htdocs/landingpage/wp-content/themes/dbl-cdh-theme/template-parts/blocks/hero/hero.php(83): esc_url(Array)
#2 /Applications/XAMPP/xamppfiles/htdocs/landingpage/wp-content/plugins/advanced-custom-fields-pro/pro/blocks.php(738): include('/Applications/X...')
#3 /Applications/XAMPP/xamppfiles/htdocs/landingpage/wp-includes/class-wp-hook.php(324): acf_block_render_template(Array, '', true, 30, Object(WP_Block), Array)
#4 /Applications/XAMPP/xamppfiles/htdocs/landingpage/wp-includes/class-wp-hook.php(348): WP_Hook->apply_filters('', Array)
#5 /Applications/XAMPP/xamppfiles/htdocs/landingpage/wp-includes/plugin.php(517): WP_Hook->do_action(Array)
#6 /Applications/XAMPP/xamppfiles/htdocs/landingpage/wp-content/plugins/advanced-custom-fields-pro/pro/blocks.php(712): do_action('acf_block_rende...', Array, '', true, 30, Object(WP_Block), Array)
#7 /Applications/XAMPP/xamppfiles/htdocs/landingpage/wp-content/plugins/advanced-custom-fields-pro/pro/blocks.php(610): acf_render_block(Array, '', true, 30, Object(WP_Block), Array)
#8 /Applications/XAMPP/xamppfiles/htdocs/landingpage/wp-content/plugins/advanced-custom-fields-pro/pro/blocks.php(533): acf_rendered_block(Array, '', true, 30, Object(WP_Block))
#9 /Applications/XAMPP/xamppfiles/htdocs/landingpage/wp-includes/class-wp-block.php(537): acf_render_block_callback(Array, '', Object(WP_Block))
#10 /Applications/XAMPP/xamppfiles/htdocs/landingpage/wp-includes/blocks.php(2191): WP_Block->render()
#11 /Applications/XAMPP/xamppfiles/htdocs/landingpage/wp-includes/blocks.php(2243): render_block(Array)
#12 /Applications/XAMPP/xamppfiles/htdocs/landingpage/wp-includes/class-wp-hook.php(324): do_blocks('<!-- wp:acf/her...')
#13 /Applications/XAMPP/xamppfiles/htdocs/landingpage/wp-includes/plugin.php(205): WP_Hook->apply_filters('<!-- wp:acf/her...', Array)
#14 /Applications/XAMPP/xamppfiles/htdocs/landingpage/wp-includes/rest-api/endpoints/class-wp-rest-revisions-controller.php(632): apply_filters('the_content', '<!-- wp:acf/her...')
#15 /Applications/XAMPP/xamppfiles/htdocs/landingpage/wp-includes/rest-api/endpoints/class-wp-rest-autosaves-controller.php(451): WP_REST_Revisions_Controller->prepare_item_for_response(Object(WP_Post), Object(WP_REST_Request))
#16 /Applications/XAMPP/xamppfiles/htdocs/landingpage/wp-includes/rest-api/endpoints/class-wp-rest-autosaves-controller.php(314): WP_REST_Autosaves_Controller->prepare_item_for_response(Object(WP_Post), Object(WP_REST_Request))
#17 /Applications/XAMPP/xamppfiles/htdocs/landingpage/wp-includes/rest-api/class-wp-rest-server.php(1292): WP_REST_Autosaves_Controller->get_items(Object(WP_REST_Request))
#18 /Applications/XAMPP/xamppfiles/htdocs/landingpage/wp-includes/rest-api/class-wp-rest-server.php(1125): WP_REST_Server->respond_to_request(Object(WP_REST_Request), '/wp/v2/pages/(?...', Array, NULL)
#19 /Applications/XAMPP/xamppfiles/htdocs/landingpage/wp-includes/rest-api.php(576): WP_REST_Server->dispatch(Object(WP_REST_Request))
#20 /Applications/XAMPP/xamppfiles/htdocs/landingpage/wp-includes/rest-api.php(2957): rest_do_request(Object(WP_REST_Request))
#21 [internal function]: rest_preload_api_request(Array, '/wp/v2/pages/26...')
#22 /Applications/XAMPP/xamppfiles/htdocs/landingpage/wp-includes/block-editor.php(753): array_reduce(Array, 'rest_preload_ap...', Array)
#23 /Applications/XAMPP/xamppfiles/htdocs/landingpage/wp-admin/edit-form-blocks.php(77): block_editor_rest_api_preload(Array, Object(WP_Block_Editor_Context))
#24 /Applications/XAMPP/xamppfiles/htdocs/landingpage/wp-admin/post.php(187): require('/Applications/X...')
#25 {main}
  thrown in /Applications/XAMPP/xamppfiles/htdocs/landingpage/wp-includes/formatting.php on line 4467
[25-Mar-2025 14:00:29 UTC] Cron-Reschedule-Event-Fehler für Hook: w3tc_imageservice_cron, Fehlercode: could_not_set, Fehlermeldung: Die Cron-Ereignisliste konnte nicht gespeichert werden., Daten: {"schedule":"ten_seconds","args":[],"interval":10}
[25-Mar-2025 14:00:29 UTC] Cron-Unschedule-Event-Fehler für Hook: action_scheduler_run_queue, Fehlercode: could_not_set, Fehlermeldung: Die Cron-Ereignisliste konnte nicht gespeichert werden., Daten: {"schedule":"every_minute","args":["WP Cron"],"interval":60}
[25-Mar-2025 14:00:30 UTC] PHP Notice:  Function _load_textdomain_just_in_time was called <strong>incorrectly</strong>. Translation loading for the <code>duplicator</code> domain was triggered too early. This is usually an indicator for some code in the plugin or theme running too early. Translations should be loaded at the <code>init</code> action or later. Please see <a href="https://developer.wordpress.org/advanced-administration/debug/debug-wordpress/">Debugging in WordPress</a> for more information. (This message was added in version 6.7.0.) in /Applications/XAMPP/xamppfiles/htdocs/landingpage/wp-includes/functions.php on line 6114
[25-Mar-2025 14:00:30 UTC] PHP Notice:  Function _load_textdomain_just_in_time was called <strong>incorrectly</strong>. Translation loading for the <code>all-in-one-wp-migration</code> domain was triggered too early. This is usually an indicator for some code in the plugin or theme running too early. Translations should be loaded at the <code>init</code> action or later. Please see <a href="https://developer.wordpress.org/advanced-administration/debug/debug-wordpress/">Debugging in WordPress</a> for more information. (This message was added in version 6.7.0.) in /Applications/XAMPP/xamppfiles/htdocs/landingpage/wp-includes/functions.php on line 6114
[25-Mar-2025 14:10:45 UTC] Cron-Reschedule-Event-Fehler für Hook: w3tc_imageservice_cron, Fehlercode: could_not_set, Fehlermeldung: Die Cron-Ereignisliste konnte nicht gespeichert werden., Daten: {"schedule":"ten_seconds","args":[],"interval":10}
[25-Mar-2025 14:10:45 UTC] Cron-Reschedule-Event-Fehler für Hook: action_scheduler_run_queue, Fehlercode: could_not_set, Fehlermeldung: Die Cron-Ereignisliste konnte nicht gespeichert werden., Daten: {"schedule":"every_minute","args":["WP Cron"],"interval":60}
[25-Mar-2025 14:10:45 UTC] Cron-Unschedule-Event-Fehler für Hook: action_scheduler_run_queue, Fehlercode: could_not_set, Fehlermeldung: Die Cron-Ereignisliste konnte nicht gespeichert werden., Daten: {"schedule":"every_minute","args":["WP Cron"],"interval":60}
[25-Mar-2025 14:10:46 UTC] PHP Notice:  Function _load_textdomain_just_in_time was called <strong>incorrectly</strong>. Translation loading for the <code>duplicator</code> domain was triggered too early. This is usually an indicator for some code in the plugin or theme running too early. Translations should be loaded at the <code>init</code> action or later. Please see <a href="https://developer.wordpress.org/advanced-administration/debug/debug-wordpress/">Debugging in WordPress</a> for more information. (This message was added in version 6.7.0.) in /Applications/XAMPP/xamppfiles/htdocs/landingpage/wp-includes/functions.php on line 6114
[25-Mar-2025 14:10:46 UTC] PHP Notice:  Function _load_textdomain_just_in_time was called <strong>incorrectly</strong>. Translation loading for the <code>all-in-one-wp-migration</code> domain was triggered too early. This is usually an indicator for some code in the plugin or theme running too early. Translations should be loaded at the <code>init</code> action or later. Please see <a href="https://developer.wordpress.org/advanced-administration/debug/debug-wordpress/">Debugging in WordPress</a> for more information. (This message was added in version 6.7.0.) in /Applications/XAMPP/xamppfiles/htdocs/landingpage/wp-includes/functions.php on line 6114
[25-Mar-2025 15:49:04 UTC] Cron-Unschedule-Event-Fehler für Hook: action_scheduler_run_queue, Fehlercode: could_not_set, Fehlermeldung: Die Cron-Ereignisliste konnte nicht gespeichert werden., Daten: {"schedule":"every_minute","args":["WP Cron"],"interval":60}
[25-Mar-2025 16:40:15 UTC] PHP Notice:  Function _load_textdomain_just_in_time was called <strong>incorrectly</strong>. Translation loading for the <code>duplicator</code> domain was triggered too early. This is usually an indicator for some code in the plugin or theme running too early. Translations should be loaded at the <code>init</code> action or later. Please see <a href="https://developer.wordpress.org/advanced-administration/debug/debug-wordpress/">Debugging in WordPress</a> for more information. (This message was added in version 6.7.0.) in /Applications/XAMPP/xamppfiles/htdocs/landingpage/wp-includes/functions.php on line 6114
[25-Mar-2025 16:40:15 UTC] PHP Notice:  Function _load_textdomain_just_in_time was called <strong>incorrectly</strong>. Translation loading for the <code>all-in-one-wp-migration</code> domain was triggered too early. This is usually an indicator for some code in the plugin or theme running too early. Translations should be loaded at the <code>init</code> action or later. Please see <a href="https://developer.wordpress.org/advanced-administration/debug/debug-wordpress/">Debugging in WordPress</a> for more information. (This message was added in version 6.7.0.) in /Applications/XAMPP/xamppfiles/htdocs/landingpage/wp-includes/functions.php on line 6114
[26-Mar-2025 06:45:13 UTC] Cron-Unschedule-Event-Fehler für Hook: w3tc_imageservice_cron, Fehlercode: could_not_set, Fehlermeldung: Die Cron-Ereignisliste konnte nicht gespeichert werden., Daten: {"schedule":"ten_seconds","args":[],"interval":10}
[26-Mar-2025 06:45:13 UTC] Cron-Reschedule-Event-Fehler für Hook: action_scheduler_run_queue, Fehlercode: could_not_set, Fehlermeldung: Die Cron-Ereignisliste konnte nicht gespeichert werden., Daten: {"schedule":"every_minute","args":["WP Cron"],"interval":60}
[26-Mar-2025 06:45:13 UTC] Cron-Unschedule-Event-Fehler für Hook: action_scheduler_run_queue, Fehlercode: could_not_set, Fehlermeldung: Die Cron-Ereignisliste konnte nicht gespeichert werden., Daten: {"schedule":"every_minute","args":["WP Cron"],"interval":60}
[26-Mar-2025 06:51:22 UTC] Cron-Reschedule-Event-Fehler für Hook: w3tc_imageservice_cron, Fehlercode: could_not_set, Fehlermeldung: Die Cron-Ereignisliste konnte nicht gespeichert werden., Daten: {"schedule":"ten_seconds","args":[],"interval":10}
[26-Mar-2025 06:51:22 UTC] Cron-Unschedule-Event-Fehler für Hook: w3tc_imageservice_cron, Fehlercode: could_not_set, Fehlermeldung: Die Cron-Ereignisliste konnte nicht gespeichert werden., Daten: {"schedule":"ten_seconds","args":[],"interval":10}
[26-Mar-2025 06:51:36 UTC] PHP Notice:  Function _load_textdomain_just_in_time was called <strong>incorrectly</strong>. Translation loading for the <code>duplicator</code> domain was triggered too early. This is usually an indicator for some code in the plugin or theme running too early. Translations should be loaded at the <code>init</code> action or later. Please see <a href="https://developer.wordpress.org/advanced-administration/debug/debug-wordpress/">Debugging in WordPress</a> for more information. (This message was added in version 6.7.0.) in /Applications/XAMPP/xamppfiles/htdocs/landingpage/wp-includes/functions.php on line 6114
[26-Mar-2025 06:51:36 UTC] PHP Notice:  Function _load_textdomain_just_in_time was called <strong>incorrectly</strong>. Translation loading for the <code>all-in-one-wp-migration</code> domain was triggered too early. This is usually an indicator for some code in the plugin or theme running too early. Translations should be loaded at the <code>init</code> action or later. Please see <a href="https://developer.wordpress.org/advanced-administration/debug/debug-wordpress/">Debugging in WordPress</a> for more information. (This message was added in version 6.7.0.) in /Applications/XAMPP/xamppfiles/htdocs/landingpage/wp-includes/functions.php on line 6114
[26-Mar-2025 06:52:24 UTC] Cron-Reschedule-Event-Fehler für Hook: w3tc_imageservice_cron, Fehlercode: could_not_set, Fehlermeldung: Die Cron-Ereignisliste konnte nicht gespeichert werden., Daten: {"schedule":"ten_seconds","args":[],"interval":10}
[26-Mar-2025 06:52:24 UTC] Cron-Unschedule-Event-Fehler für Hook: w3tc_imageservice_cron, Fehlercode: could_not_set, Fehlermeldung: Die Cron-Ereignisliste konnte nicht gespeichert werden., Daten: {"schedule":"ten_seconds","args":[],"interval":10}
[26-Mar-2025 06:52:28 UTC] Cron-Reschedule-Event-Fehler für Hook: action_scheduler_run_queue, Fehlercode: could_not_set, Fehlermeldung: Die Cron-Ereignisliste konnte nicht gespeichert werden., Daten: {"schedule":"every_minute","args":["WP Cron"],"interval":60}
